Build started 24/03/2015 22:53:16.
     1>Project "D:\documents\Visual Studio 2012\Projects\Uni\Uni\Uni.vcxproj" on node 2 (Build target(s)).
     1>ClCompile:
         D:\documents\Visual Studio 2013\VC\bin\CL.exe /c /Zi /nologo /W3 /WX- /sdl /O2 /Oi /Oy- /GL /D _MBCS /Gm- /EHsc /MD /GS /Gy /fp:precise /Zc:wchar_t /Zc:forScope /Fo"Release\\" /Fd"Release\vc120.pdb" /Gd /TP /analyze- /errorReport:prompt MainGame.cpp
         MainGame.cpp
     1>MainGame.cpp(25): warning C4018: '<' : signed/unsigned mismatch
     1>MainGame.cpp(30): warning C4018: '<' : signed/unsigned mismatch
     1>MainGame.cpp(418): warning C4018: '>=' : signed/unsigned mismatch
     1>MainGame.cpp(428): warning C4018: '>=' : signed/unsigned mismatch
       Link:
         D:\documents\Visual Studio 2013\VC\bin\link.exe /ERRORREPORT:PROMPT /OUT:"D:\documents\Visual Studio 2012\Projects\Uni\Release\Uni.exe" /NOLOGO SDL2.lib SDL2main.lib opengl32.lib glew32.lib Randini.lib kernel32.lib user32.lib gdi32.lib winspool.lib comdlg32.lib advapi32.lib shell32.lib ole32.lib oleaut32.lib uuid.lib odbc32.lib odbccp32.lib /MANIFEST /MANIFESTUAC:"level='asInvoker' uiAccess='false'" /manifest:embed /DEBUG /PDB:"D:\documents\Visual Studio 2012\Projects\Uni\Release\Uni.pdb" /SUBSYSTEM:CONSOLE /OPT:REF /OPT:ICF /LTCG /TLBID:1 /DYNAMICBASE /NXCOMPAT /IMPLIB:"D:\documents\Visual Studio 2012\Projects\Uni\Release\Uni.lib" /MACHINE:X86 /SAFESEH Release\Ball.obj
         Release\BallControl.obj
         Release\BallGrid.obj
         Release\BallRenderer.obj
         Release\main.obj
         Release\MainGame.obj
         Generating code
         Finished generating code
         Uni.vcxproj -> D:\documents\Visual Studio 2012\Projects\Uni\Release\Uni.exe
     1>Done Building Project "D:\documents\Visual Studio 2012\Projects\Uni\Uni\Uni.vcxproj" (Build target(s)).

Build succeeded.

Time Elapsed 00:00:09.48
